"C:\Program Files\JetBrains\CLion 2020.3.2\bin\cmake\win\bin\cmake.exe" -DCMAKE_BUILD_TYPE=Debug -G "CodeBlocks - NMake Makefiles" "C:\Users\TraAL\Documents\College Binder\CSE 310\Projects\P1"
-- The C compiler identification is MSVC 19.28.29914.0
-- The CXX compiler identification is MSVC 19.28.29914.0
-- Check for working C compiler: C:/Program Files (x86)/Microsoft Visual Studio/2019/Community/VC/Tools/MSVC/14.28.29910/bin/Hostx86/x86/cl.exe
-- Check for working C compiler: C:/Program Files (x86)/Microsoft Visual Studio/2019/Community/VC/Tools/MSVC/14.28.29910/bin/Hostx86/x86/cl.exe - broken
CMake Error at C:/Program Files/JetBrains/CLion 2020.3.2/bin/cmake/win/share/cmake-3.17/Modules/CMakeTestCCompiler.cmake:60 (message):
  The C compiler

    "C:/Program Files (x86)/Microsoft Visual Studio/2019/Community/VC/Tools/MSVC/14.28.29910/bin/Hostx86/x86/cl.exe"

  is not able to compile a simple test program.

  It fails with the following output:

    Change Dir: C:/Users/TraAL/Documents/College Binder/CSE 310/Projects/P1/cmake-build-debug/CMakeFiles/CMakeTmp
    
    Run Build Command(s):nmake /nologo cmTC_0422c\fast && 	"C:\Program Files (x86)\Microsoft Visual Studio\2019\Community\VC\Tools\MSVC\14.28.29910\bin\HostX86\x86\nmake.exe"  -f CMakeFiles\cmTC_0422c.dir\build.make /nologo -L                  CMakeFiles\cmTC_0422c.dir\build
    Building C object CMakeFiles/cmTC_0422c.dir/testCCompiler.c.obj
    	C:\PROGRA~2\MICROS~1\2019\COMMUN~1\VC\Tools\MSVC\1428~1.299\bin\Hostx86\x86\cl.exe @C:\Users\TraAL\AppData\Local\Temp\nm66F3.tmp
    testCCompiler.c
    Linking C executable cmTC_0422c.exe
    	"C:\Program Files\JetBrains\CLion 2020.3.2\bin\cmake\win\bin\cmake.exe" -E vs_link_exe --intdir=CMakeFiles\cmTC_0422c.dir --rc=rc --mt=CMAKE_MT-NOTFOUND --manifests  -- C:\PROGRA~2\MICROS~1\2019\COMMUN~1\VC\Tools\MSVC\1428~1.299\bin\Hostx86\x86\link.exe /nologo @CMakeFiles\cmTC_0422c.dir\objects1.rsp @C:\Users\TraAL\AppData\Local\Temp\nm68C9.tmp
    RC Pass 1: command "rc /fo CMakeFiles\cmTC_0422c.dir/manifest.res CMakeFiles\cmTC_0422c.dir/manifest.rc" failed (exit code 0) with the following output:
    The system cannot find the file specifiedNMAKE : fatal error U1077: '"C:\Program Files\JetBrains\CLion 2020.3.2\bin\cmake\win\bin\cmake.exe"' : return code '0xffffffff'
    Stop.
    NMAKE : fatal error U1077: '"C:\Program Files (x86)\Microsoft Visual Studio\2019\Community\VC\Tools\MSVC\14.28.29910\bin\HostX86\x86\nmake.exe"' : return code '0x2'
    Stop.
    
    

  

  CMake will not be able to correctly generate this project.
Call Stack (most recent call first):
  CMakeLists.txt:2 (project)


-- Configuring incomplete, errors occurred!
See also "C:/Users/TraAL/Documents/College Binder/CSE 310/Projects/P1/cmake-build-debug/CMakeFiles/CMakeOutput.log".
See also "C:/Users/TraAL/Documents/College Binder/CSE 310/Projects/P1/cmake-build-debug/CMakeFiles/CMakeError.log".
